commit 14b99236b23b2aafde02685678b54bf5af1616d1
Author: BORJA <9404844@alumnos.ufv.es>
Date:   Wed Nov 27 10:01:25 2024 +0100

    licencia

commit beeeb77e7485aca1b12b01b2527042adbcb25781
Author: BORJA <9404844@alumnos.ufv.es>
Date:   Wed Nov 27 09:59:47 2024 +0100

    add licencia

commit d73d56e359935f3a880270c49f79de8334012ae2
Author: BORJA <9404844@alumnos.ufv.es>
Date:   Wed Nov 27 09:56:28 2024 +0100

    adding c file

commit 9b99396f057eaffb6949a2456c9462d884ed0f08
Author: BORJA <9404844@alumnos.ufv.es>
Date:   Wed Nov 27 09:49:48 2024 +0100

    nueva linea en readme

commit dc9f3398a762e797ed5a622f89911cce245a9597
Author: BORJA <9404844@alumnos.ufv.es>
Date:   Wed Nov 27 09:46:09 2024 +0100

    add gitignore

commit ef3652d812922a77d800af5bed468d0402e0975a
Author: BORJA <9404844@alumnos.ufv.es>
Date:   Wed Nov 27 09:28:29 2024 +0100

    adding my first file to the repo
